<?xml version="1.0" encoding="UTF-8"?>
<testsuite xmlns:xsi="http://www.w3.org/2001/XMLSchema-instance" xsi:noNamespaceSchemaLocation="https://maven.apache.org/surefire/maven-surefire-plugin/xsd/surefire-test-report-3.0.xsd" version="3.0" name="org.example.StreamLambdaHandlerTest" time="8.256" tests="2" errors="0" skipped="0" failures="0">
  <properties>
[...]
</properties>
  <testcase name="ping_streamRequest_respondsWithHello" classname="org.example.StreamLambdaHandlerTest" time="0.382">
    <system-out><![CDATA[23:41:28.766 [main] INFO com.amazonaws.serverless.proxy.internal.LambdaContainerHandler -- Starting Lambda Container Handler

  .   ____          _            __ _ _
 /\\ / ___'_ __ _ _(_)_ __  __ _ \ \ \ \
( ( )\___ | '_ | '_| | '_ \/ _` | \ \ \ \
 \\/  ___)| |_)| | | | | || (_| |  ) ) ) )
  '  |____| .__|_| |_|_| |_\__, | / / / /
 =========|_|==============|___/=/_/_/_/
 :: Spring Boot ::                (v3.2.6)

2025-07-29T23:41:29.899+02:00  INFO 30340 --- [           main] c.a.s.p.s.AwsSpringWebRuntimeInitializer : AWS Environment: {PATH=C:\app\jdk-17\bin;C:\app\jdk-17\bin;C:\Python312\Scripts\;C:\Python312\;C:\Windows\system32;C:\Windows;C:\Windows\System32\Wbem;C:\Windows\System32\WindowsPowerShell\v1.0\;C:\Windows\System32\OpenSSH\;C:\Program Files (x86)\NVIDIA Corporation\PhysX\Common;C:\Program Files\NVIDIA Corporation\NVIDIA NvDLISR;C:\ProgramData\chocolatey\bin;C:\Program Files\Meld\;C:\Program Files\nodejs\;C:\Program Files\Amazon\AWSCLIV2\;C:\Program Files\dotnet\;C:\app\far;C:\Program Files (x86)\Gpg4win\..\GnuPG\bin;C:\app\apache-tomcat-9;C:\WINDOWS\system32;C:\WINDOWS;C:\WINDOWS\System32\Wbem;C:\WINDOWS\System32\WindowsPowerShell\v1.0\;C:\WINDOWS\System32\OpenSSH\;C:\app\apache-maven-3.8.8\bin;C:\Program Files\RedHat\Podman\;C:\Program Files\Docker\Docker\resources\bin;C:\app\gradle-8.13\bin;C:\app\sbt\bin;C:\Program Files\Git\cmd;C:\Program Files\Git\mingw64\bin;C:\Program Files\Git\usr\bin;C:\Program Files\Amazon\AWSSAMCLI\bin\;C:\Program Files\Amazon\AWSSAMCLI\bin;C:\Users\madsu\AppData\Local\Programs\oh-my-posh\bin\;C:\Users\madsu\AppData\Local\Microsoft\WindowsApps;C:\Users\madsu\AppData\Local\Programs\Microsoft VS Code\bin;C:\Program Files\JetBrains\IntelliJ IDEA Community Edition 2024.1.1\bin;C:\Users\madsu\AppData\Roaming\npm;C:\Program Files\JetBrains\PyCharm Community Edition 2024.2.3\bin;C:\Users\madsu\AppData\Local\JetBrains\Toolbox\scripts;C:\Users\madsu\AppData\Local\Microsoft\WindowsApps;C:\Users\madsu\AppData\Local\Programs\Windsurf\bin;C:\Program Files\JetBrains\IntelliJ IDEA Community Edition 2024.3.2.2\bin;;C:\tools\mysql\current\bin;C:\Program Files (x86)\Nmap;C:\app\cmd;, USERDOMAIN_ROAMINGPROFILE=DEV, WT_SESSION=6a503112-6deb-4bfa-83be-5aa36ffa9b34, PROCESSOR_LEVEL=6, SYSTEMDRIVE=C:, SESSIONNAME=Console, ALLUSERSPROFILE=C:\ProgramData, PROCESSOR_ARCHITECTURE=AMD64, DRIVERDATA=C:\Windows\System32\Drivers\DriverData, MAVEN_HOME=C:\app\apache-maven-3.8.8, PROGRAMFILES=C:\Program Files, MOZ_PLUGIN_PATH=C:\Program Files (x86)\Foxit Software\Foxit PDF Reader\plugins\, PSMODULEPATH=C:\Users\madsu\Documents\WindowsPowerShell\Modules;C:\Program Files\WindowsPowerShell\Modules;C:\WINDOWS\system32\WindowsPowerShell\v1.0\Modules, PROGRAMDATA=C:\ProgramData, CHOCOLATEYLASTPATHUPDATE=133851197095669436, USERNAME=madsu, ONEDRIVE=C:\Users\madsu\OneDrive, PATHEXT=.COM;.EXE;.BAT;.CMD;.VBS;.VBE;.JS;.JSE;.WSF;.WSH;.MSC;.PY;.PYW;.CPL, ONEDRIVECONSUMER=C:\Users\madsu\OneDrive, POSH_THEMES_PATH=C:\Users\madsu\AppData\Local\Programs\oh-my-posh\themes\, WINDIR=C:\WINDOWS, HOMEPATH=\Users\madsu, PROCESSOR_IDENTIFIER=Intel64 Family 6 Model 186 Stepping 2, GenuineIntel, PUBLIC=C:\Users\Public, ZES_ENABLE_SYSMAN=1, POSH_INSTALLER=ws, PYCHARM COMMUNITY EDITION=C:\Program Files\JetBrains\PyCharm Community Edition 2024.2.3\bin;, LOCALAPPDATA=C:\Users\madsu\AppData\Local, COMMONPROGRAMFILES(X86)=C:\Program Files (x86)\Common Files, USERDOMAIN=DEV, LOGONSERVER=\\DEV, JAVA_HOME=C:\app\jdk-17, PROMPT=$P$G, PROGRAMFILES(X86)=C:\Program Files (x86), CHOCOLATEYTOOLSLOCATION=C:\tools, OMP_WAIT_POLICY=PASSIVE, WT_PROFILE_ID={61c54bbd-c2c6-5271-96e7-009a87ff44bf}, =C:=C:\dev\github\aws-lambda-example, APPDATA=C:\Users\madsu\AppData\Roaming, PROGRAMW6432=C:\Program Files, KMP_BLOCKTIME=0, SYSTEMROOT=C:\WINDOWS, CHOCOLATEYINSTALL=C:\ProgramData\chocolatey, COLUMNS=165, VBOX_MSI_INSTALL_PATH=C:\Program Files\Oracle\VirtualBox\, OS=Windows_NT, COMMONPROGRAMW6432=C:\Program Files\Common Files, COMPUTERNAME=DEV, INTELLIJ IDEA COMMUNITY EDITION=C:\Program Files\JetBrains\IntelliJ IDEA Community Edition 2024.3.2.2\bin;, COMMONPROGRAMFILES=C:\Program Files\Common Files, COMSPEC=C:\WINDOWS\system32\cmd.exe, CATALINA_HOME=C:\app\apache-tomcat-9, SBT_HOME=C:\app\sbt\, PROCESSOR_REVISION=ba02, TEMP=C:\Users\madsu\AppData\Local\Temp, HOMEDRIVE=C:, USERPROFILE=C:\Users\madsu, TMP=C:\Users\madsu\AppData\Local\Temp, WSLENV=WT_SESSION:WT_PROFILE_ID:, NUMBER_OF_PROCESSORS=20}
2025-07-29T23:41:29.913+02:00  INFO 30340 --- [           main] o.a.maven.surefire.booter.ForkedBooter   : Starting ForkedBooter v3.1.2 using Java 21.0.2 with PID 30340 (started by madsu in C:\dev\github\aws-lambda-example)
2025-07-29T23:41:29.915+02:00  INFO 30340 --- [           main] o.a.maven.surefire.booter.ForkedBooter   : No active profile set, falling back to 1 default profile: "default"
2025-07-29T23:41:31.050+02:00  INFO 30340 --- [           main] .s.d.r.c.RepositoryConfigurationDelegate : Bootstrapping Spring Data JPA repositories in DEFAULT mode.
2025-07-29T23:41:31.158+02:00  INFO 30340 --- [           main] .s.d.r.c.RepositoryConfigurationDelegate : Finished Spring Data repository scanning in 87 ms. Found 1 JPA repository interface.
2025-07-29T23:41:31.787+02:00  INFO 30340 --- [           main] c.a.s.p.i.servlet.AwsServletContext      : Initializing Spring embedded WebApplicationContext
2025-07-29T23:41:31.790+02:00  INFO 30340 --- [           main] w.s.c.ServletWebServerApplicationContext : Root WebApplicationContext: initialization completed in 1785 ms
2025-07-29T23:41:32.353+02:00  INFO 30340 --- [           main] o.hibernate.jpa.internal.util.LogHelper  : HHH000204: Processing PersistenceUnitInfo [name: default]
2025-07-29T23:41:32.501+02:00  INFO 30340 --- [           main] org.hibernate.Version                    : HHH000412: Hibernate ORM core version 6.4.8.Final
2025-07-29T23:41:32.563+02:00  INFO 30340 --- [           main] o.h.c.internal.RegionFactoryInitiator    : HHH000026: Second-level cache disabled
2025-07-29T23:41:33.052+02:00  INFO 30340 --- [           main] o.s.o.j.p.SpringPersistenceUnitInfo      : No LoadTimeWeaver setup: ignoring JPA class transformer
2025-07-29T23:41:33.112+02:00  INFO 30340 --- [           main] com.zaxxer.hikari.HikariDataSource       : HikariPool-1 - Starting...
2025-07-29T23:41:33.312+02:00  INFO 30340 --- [           main] com.zaxxer.hikari.pool.HikariPool        : HikariPool-1 - Added connection org.postgresql.jdbc.PgConnection@5c8ab9de
2025-07-29T23:41:33.318+02:00  INFO 30340 --- [           main] com.zaxxer.hikari.HikariDataSource       : HikariPool-1 - Start completed.
2025-07-29T23:41:34.750+02:00  INFO 30340 --- [           main] o.h.e.t.j.p.i.JtaPlatformInitiator       : HHH000489: No JTA platform available (set 'hibernate.transaction.jta.platform' to enable JTA platform integration)
2025-07-29T23:41:34.806+02:00  INFO 30340 --- [           main] j.LocalContainerEntityManagerFactoryBean : Initialized JPA EntityManagerFactory for persistence unit 'default'
2025-07-29T23:41:35.242+02:00  WARN 30340 --- [           main] JpaBaseConfiguration$JpaWebConfiguration : spring.jpa.open-in-view is enabled by default. Therefore, database queries may be performed during view rendering. Explicitly configure spring.jpa.open-in-view to disable this warning
2025-07-29T23:41:36.149+02:00  INFO 30340 --- [           main] o.a.maven.surefire.booter.ForkedBooter   : Started ForkedBooter in 6.918 seconds (process running for 15.887)
2025-07-29T23:41:36.160+02:00  INFO 30340 --- [           main] c.a.s.p.i.servlet.AwsServletContext      : Initializing Spring DispatcherServlet 'dispatcherServlet'
2025-07-29T23:41:36.161+02:00  INFO 30340 --- [           main] o.s.web.servlet.DispatcherServlet        : Initializing Servlet 'dispatcherServlet'
2025-07-29T23:41:36.163+02:00  INFO 30340 --- [           main] o.s.web.servlet.DispatcherServlet        : Completed initialization in 2 ms
2025-07-29T23:41:36.527+02:00  INFO 30340 --- [           main] c.a.s.p.internal.LambdaContainerHandler  : 127.0.0.1 null- null [29/07/2025:21:41:36+0200] "GET /ping HTTP/1.1" 200 24 "-" "-" combined
]]></system-out>
  </testcase>
  <testcase name="invalidResource_streamRequest_responds404" classname="org.example.StreamLambdaHandlerTest" time="0.014">
    <system-out><![CDATA[2025-07-29T23:41:36.585+02:00  WARN 30340 --- [           main] o.s.web.servlet.PageNotFound             : No mapping for GET /pong
2025-07-29T23:41:36.590+02:00  WARN 30340 --- [           main] o.s.web.servlet.PageNotFound             : No endpoint GET /pong.
2025-07-29T23:41:36.591+02:00  INFO 30340 --- [           main] c.a.s.p.internal.LambdaContainerHandler  : 127.0.0.1 null- null [29/07/2025:21:41:36+0200] "GET /pong HTTP/1.1" 404 - "-" "-" combined
]]></system-out>
  </testcase>
</testsuite>